1563750336761	mozrunner::runner	INFO	Running command: "/usr/bin/firefox" "-marionette" "-foreground" "-no-remote" "-profile" "/tmp/rust_mozprofile.N7w4zxgJIrck"
1563750337717	addons.webextension.screenshots@mozilla.org	WARN	Loading extension 'screenshots@mozilla.org': Reading manifest: Invalid extension permission: mozillaAddons
1563750337718	addons.webextension.screenshots@mozilla.org	WARN	Loading extension 'screenshots@mozilla.org': Reading manifest: Invalid extension permission: telemetry
1563750337718	addons.webextension.screenshots@mozilla.org	WARN	Loading extension 'screenshots@mozilla.org': Reading manifest: Invalid extension permission: resource://pdf.js/
1563750337718	addons.webextension.screenshots@mozilla.org	WARN	Loading extension 'screenshots@mozilla.org': Reading manifest: Invalid extension permission: about:reader*
1563750340388	Marionette	INFO	Listening on port 41405
1563750340479	Marionette	WARN	TLS certificate errors will be ignored for this session
JavaScript warning: https://ajax.googleapis.com/ajax/libs/jquery/1.10.2/jquery.min.js, line 2: Using //@ to indicate sourceMappingURL pragmas is deprecated. Use //# instead
JavaScript error: https://native.sharethrough.com/assets/sfp-iframe-buster.js, line 1: NS_ERROR_NOT_INITIALIZED: 
JavaScript warning: https://ajax.googleapis.com/ajax/libs/jquery/1.10.2/jquery.min.js, line 2: Using //@ to indicate sourceMappingURL pragmas is deprecated. Use //# instead
JavaScript error: https://www.foodnetwork.ca/recipe/grandma-guarnaschellis-lasagna-appetizer/22354/, line 536: ReferenceError: gigyaCommon is not defined
JavaScript error: https://sharethrough.adnxs.com/getuidp?callback=STRAppNexusCallback, line 1: ReferenceError: STRAppNexusCallback is not defined
JavaScript warning: https://ajax.googleapis.com/ajax/libs/jquery/1.10.2/jquery.min.js, line 2: Using //@ to indicate sourceMappingURL pragmas is deprecated. Use //# instead
JavaScript error: https://www.foodnetwork.ca/recipe/spinach-phyllo-hand-pie/22781/, line 530: ReferenceError: gigyaCommon is not defined
JavaScript warning: https://ajax.googleapis.com/ajax/libs/jquery/1.10.2/jquery.min.js, line 2: Using //@ to indicate sourceMappingURL pragmas is deprecated. Use //# instead
JavaScript error: https://www.foodnetwork.ca/recipe/big-bad-beef-skewers/22783/, line 568: ReferenceError: gigyaCommon is not defined
JavaScript error: https://native.sharethrough.com/assets/sfp-iframe-buster.js, line 1: NS_ERROR_NOT_INITIALIZED: 
JavaScript error: https://www.foodnetwork.ca/recipe/shortcut-moroccan-vegetable-tagine-with-couscous/22773/, line 525: ReferenceError: gigyaCommon is not defined
JavaScript error: https://www.foodnetwork.ca/recipe/shortcut-instant-pot-lasagna/22778/, line 525: ReferenceError: gigyaCommon is not defined
JavaScript error: https://www.foodnetwork.ca/recipe/molly-yehs-moroccan-carrot-salad/22776/, line 515: ReferenceError: gigyaCommon is not defined
JavaScript error: https://www.foodnetwork.ca/recipe/moroccan-red-harissa-chicken/22777/, line 539: ReferenceError: gigyaCommon is not defined
JavaScript error: https://www.foodnetwork.ca/recipe/harissa-braised-chickpeas-with-feta/22775/, line 530: ReferenceError: gigyaCommon is not defined
JavaScript error: https://www.foodnetwork.ca/recipe/breakfast-bagel-burgers/22779/, line 534: ReferenceError: gigyaCommon is not defined
JavaScript error: https://www.foodnetwork.ca/recipe/taco-chicken-caesar-salad-wraps/22782/, line 532: ReferenceError: gigyaCommon is not defined
JavaScript error: https://www.foodnetwork.ca/recipe/blueberry-lemon-ricotta-bruschetta/22784/, line 537: ReferenceError: gigyaCommon is not defined

###!!! [Child][MessageChannel] Error: (msgtype=0x530005,name=PHttpChannel::Msg_Cancel) Closed channel: cannot send/recv


###!!! [Child][MessageChannel] Error: (msgtype=0x530005,name=PHttpChannel::Msg_Cancel) Closed channel: cannot send/recv


###!!! [Child][MessageChannel] Error: (msgtype=0x530005,name=PHttpChannel::Msg_Cancel) Closed channel: cannot send/recv

Exiting due to channel error.
1563750575244	mozrunner::runner	INFO	Running command: "/usr/bin/firefox" "-marionette" "-foreground" "-no-remote" "-profile" "/tmp/rust_mozprofile.64NQuGSoxwdJ"
1563750575666	addons.webextension.screenshots@mozilla.org	WARN	Loading extension 'screenshots@mozilla.org': Reading manifest: Invalid extension permission: mozillaAddons
1563750575667	addons.webextension.screenshots@mozilla.org	WARN	Loading extension 'screenshots@mozilla.org': Reading manifest: Invalid extension permission: telemetry
1563750575667	addons.webextension.screenshots@mozilla.org	WARN	Loading extension 'screenshots@mozilla.org': Reading manifest: Invalid extension permission: resource://pdf.js/
1563750575667	addons.webextension.screenshots@mozilla.org	WARN	Loading extension 'screenshots@mozilla.org': Reading manifest: Invalid extension permission: about:reader*
1563750577919	Marionette	INFO	Listening on port 41661
1563750577954	Marionette	WARN	TLS certificate errors will be ignored for this session
JavaScript warning: https://ajax.googleapis.com/ajax/libs/jquery/1.10.2/jquery.min.js, line 2: Using //@ to indicate sourceMappingURL pragmas is deprecated. Use //# instead
JavaScript warning: https://ajax.googleapis.com/ajax/libs/jquery/1.10.2/jquery.min.js, line 2: Using //@ to indicate sourceMappingURL pragmas is deprecated. Use //# instead
JavaScript error: https://www.foodnetwork.ca/recipe/grandma-guarnaschellis-lasagna-appetizer/22354/, line 536: ReferenceError: gigyaCommon is not defined
JavaScript error: https://gum.criteo.com/sync?r=2&c=158&j=STRCriteoCallback&callback=STRCriteoCallback, line 1: ReferenceError: STRCriteoCallback is not defined
JavaScript error: https://sharethrough.adnxs.com/getuidp?callback=STRAppNexusCallback, line 1: ReferenceError: STRAppNexusCallback is not defined
console.error: BroadcastService: 
  receivedBroadcastMessage: handler for
  remote-settings/monitor_changes
  threw error:
  Message: Error: Polling for changes failed: http://%(server)s/dummy/blocklist//buckets/monitor/collections/changes/records?_expected=%221563667206065%22 is not a valid URL..
  Stack:
    remoteSettingsFunction/remoteSettings.pollChanges@resource://services-settings/remote-settings.js:201:13

JavaScript warning: https://ajax.googleapis.com/ajax/libs/jquery/1.10.2/jquery.min.js, line 2: Using //@ to indicate sourceMappingURL pragmas is deprecated. Use //# instead
JavaScript error: https://www.foodnetwork.ca/recipe/spinach-phyllo-hand-pie/22781/, line 530: ReferenceError: gigyaCommon is not defined

(/usr/lib/firefox/firefox:30555): dconf-WARNING **: 19:10:57.743: Unable to open /var/lib/snapd/desktop/dconf/profile/user: Permission denied
JavaScript warning: https://static.adsafeprotected.com/sca.17.4.95.js, line 32: Array.slice is deprecated; use Array.prototype.slice instead
JavaScript warning: https://ajax.googleapis.com/ajax/libs/jquery/1.10.2/jquery.min.js, line 2: Using //@ to indicate sourceMappingURL pragmas is deprecated. Use //# instead
JavaScript error: https://www.foodnetwork.ca/recipe/big-bad-beef-skewers/22783/, line 568: ReferenceError: gigyaCommon is not defined
JavaScript error: https://www.foodnetwork.ca/recipe/shortcut-moroccan-vegetable-tagine-with-couscous/22773/, line 525: ReferenceError: gigyaCommon is not defined
JavaScript error: https://www.foodnetwork.ca/recipe/shortcut-instant-pot-lasagna/22778/, line 525: ReferenceError: gigyaCommon is not defined
JavaScript error: https://www.foodnetwork.ca/recipe/molly-yehs-moroccan-carrot-salad/22776/, line 515: ReferenceError: gigyaCommon is not defined
JavaScript error: https://www.foodnetwork.ca/recipe/moroccan-red-harissa-chicken/22777/, line 539: ReferenceError: gigyaCommon is not defined
JavaScript error: https://www.foodnetwork.ca/recipe/harissa-braised-chickpeas-with-feta/22775/, line 530: ReferenceError: gigyaCommon is not defined
JavaScript error: https://www.foodnetwork.ca/recipe/breakfast-bagel-burgers/22779/, line 534: ReferenceError: gigyaCommon is not defined
JavaScript error: https://www.foodnetwork.ca/recipe/taco-chicken-caesar-salad-wraps/22782/, line 532: ReferenceError: gigyaCommon is not defined
JavaScript error: https://www.foodnetwork.ca/recipe/blueberry-lemon-ricotta-bruschetta/22784/, line 537: ReferenceError: gigyaCommon is not defined
JavaScript error: https://www.foodnetwork.ca/recipe/donut-ice-cream-sandwiches/22780/, line 508: ReferenceError: gigyaCommon is not defined
JavaScript error: https://www.foodnetwork.ca/recipe/strawberry-margarita-ice-pops/22737/, line 514: ReferenceError: gigyaCommon is not defined
JavaScript error: https://www.foodnetwork.ca/recipe/gluten-free-pineapple-and-ham-pizza/22743/, line 552: ReferenceError: gigyaCommon is not defined
JavaScript error: https://www.foodnetwork.ca/recipe/whole30-coconut-crusted-shrimp-with-pineapple-chili-sauce/22754/, line 518: ReferenceError: gigyaCommon is not defined
JavaScript error: https://www.foodnetwork.ca/recipe/paleo-steak-and-egg-salad/22758/, line 515: ReferenceError: gigyaCommon is not defined
JavaScript error: https://www.foodnetwork.ca/recipe/moroccan-eggs-with-flatbread-and-goat-cheese/22766/, line 533: ReferenceError: gigyaCommon is not defined
JavaScript error: https://www.foodnetwork.ca/recipe/whole30-hot-apple-cereal/22755/, line 511: ReferenceError: gigyaCommon is not defined
JavaScript error: https://www.foodnetwork.ca/recipe/gluten-free-coconut-flour-brownies/22740/, line 510: ReferenceError: gigyaCommon is not defined
JavaScript warning: https://static.adsafeprotected.com/sca.17.4.95.js, line 32: Array.slice is deprecated; use Array.prototype.slice instead
JavaScript error: https://www.foodnetwork.ca/recipe/paleo-prosciutto-egg-cups/22757/, line 515: ReferenceError: gigyaCommon is not defined
Exiting due to channel error.
Exiting due to channel error.
[Child 30555, Chrome_ChildThread] WARNING: pipe error (3): Connection reset by peer: file /build/firefox-oTXxYK/firefox-68.0+build3/ipc/chromium/src/chrome/common/ipc_channel_posix.cc, line 358
Exiting due to channel error.
